<?xml version="1.0" encoding="UTF-8"?>
<!-- Generated by org.testng.reporters.JUnitReportReporter -->
<testsuite hostname="DESKTOP-D2V2H1D" failures="0" tests="1" name="jenkinscode.settinginviteemployee" time="27.094" errors="0" timestamp="2024-09-08T16:26:55 IST" skipped="0">
  <testcase classname="jenkinscode.settinginviteemployee" name="cutomersettinginvite" time="27.094"/>
  <system-out/>
</testsuite> <!-- jenkinscode.settinginviteemployee -->
