<?xml version="1.0" encoding="UTF-8"?>
<!-- Generated by org.testng.reporters.JUnitReportReporter -->
<testsuite hostname="DESKTOP-D2V2H1D" failures="0" tests="1" name="jenkinscode.settingIniviteadmincustomer" time="52.011" errors="0" timestamp="2024-09-08T16:06:05 IST" skipped="0">
  <testcase classname="jenkinscode.settingIniviteadmincustomer" name="cutomersettinginvite" time="52.011"/>
  <system-out/>
</testsuite> <!-- jenkinscode.settingIniviteadmincustomer -->
