<?xml version="1.0" encoding="UTF-8"?>
<!-- Generated by org.testng.reporters.JUnitReportReporter -->
<testsuite hostname="DESKTOP-D2V2H1D" failures="0" tests="1" name="jenkinscode.Createcampaign" time="23.957" errors="0" timestamp="2024-09-11T12:33:27 IST" skipped="0">
  <testcase classname="jenkinscode.Createcampaign" name="createcampign" time="23.957"/>
  <system-out/>
</testsuite> <!-- jenkinscode.Createcampaign -->
