<?xml version="1.0" encoding="UTF-8"?>
<!-- Generated by org.testng.reporters.JUnitReportReporter -->
<testsuite hostname="DESKTOP-D2V2H1D" failures="0" tests="1" name="jenkinscode.uploadcheckpremission" time="31.042" errors="0" timestamp="2024-09-08T16:30:33 IST" skipped="0">
  <testcase classname="jenkinscode.uploadcheckpremission" name="uploadcheckpremission" time="31.042"/>
  <system-out/>
</testsuite> <!-- jenkinscode.uploadcheckpremission -->
