<?xml version="1.0" encoding="UTF-8"?>
<!-- Generated by org.testng.reporters.JUnitReportReporter -->
<testsuite hostname="DESKTOP-D2V2H1D" failures="0" tests="1" name="Pipelineswan.Automationswan.customerregistration" time="12.633" errors="0" timestamp="2024-09-05T19:49:09 IST" skipped="0">
  <testcase classname="Pipelineswan.Automationswan.customerregistration" name="login" time="12.633"/>
  <system-out/>
</testsuite> <!-- Pipelineswan.Automationswan.customerregistration -->
