<?xml version="1.0" encoding="UTF-8"?>
<!-- Generated by org.testng.reporters.JUnitReportReporter -->
<testsuite hostname="DESKTOP-D2V2H1D" failures="0" tests="1" name="jenkinscode.settingpremission" time="19.527" errors="0" timestamp="2024-09-07T17:27:39 IST" skipped="0">
  <testcase classname="jenkinscode.settingpremission" name="login1" time="19.527"/>
  <system-out/>
</testsuite> <!-- jenkinscode.settingpremission -->
