<?xml version="1.0" encoding="UTF-8"?>
<!-- Generated by org.testng.reporters.JUnitReportReporter -->
<testsuite hostname="DESKTOP-D2V2H1D" failures="0" tests="1" name="jenkinscode.EditUpdateMergeCustomerProfile" time="27.172" errors="0" timestamp="2024-09-11T12:33:27 IST" skipped="0">
  <testcase classname="jenkinscode.EditUpdateMergeCustomerProfile" name="Editupdatemergecustomerprofile" time="27.172"/>
  <system-out/>
</testsuite> <!-- jenkinscode.EditUpdateMergeCustomerProfile -->
