<?xml version="1.0" encoding="UTF-8"?>
<!-- Generated by org.testng.reporters.JUnitReportReporter -->
<testsuite hostname="DESKTOP-D2V2H1D" failures="0" tests="1" name="jenkinscode.settingIniviteadmi" time="54.547" errors="0" timestamp="2024-09-11T12:44:41 IST" skipped="0">
  <testcase classname="jenkinscode.settingIniviteadmi" name="cutomersettinginvite" time="54.547"/>
  <system-out/>
</testsuite> <!-- jenkinscode.settingIniviteadmi -->
